\BOOKMARK [0][-]{section*.1}{摘要}{}% 1
\BOOKMARK [0][-]{section*.3}{Abstract}{}% 2
\BOOKMARK [0][-]{chapter.1}{1 绪论}{}% 3
\BOOKMARK [1][-]{section.1.1}{1.1 研究背景}{chapter.1}% 4
\BOOKMARK [1][-]{section.1.2}{1.2 国内外研究现状}{chapter.1}% 5
\BOOKMARK [2][-]{subsection.1.2.1}{1.2.1\040YYY}{section.1.2}% 6
\BOOKMARK [2][-]{subsection.1.2.2}{1.2.2\040XXX}{section.1.2}% 7
\BOOKMARK [2][-]{subsection.1.2.3}{1.2.3 基于XXX的YYY}{section.1.2}% 8
\BOOKMARK [1][-]{section.1.3}{1.3 研究内容及意义}{chapter.1}% 9
\BOOKMARK [1][-]{section.1.4}{1.4 组织结构}{chapter.1}% 10
\BOOKMARK [1][-]{section.1.5}{1.5 本章小结}{chapter.1}% 11
\BOOKMARK [0][-]{chapter.2}{2 相关技术的研究}{}% 12
\BOOKMARK [1][-]{section.2.1}{2.1 测}{chapter.2}% 13
\BOOKMARK [1][-]{section.2.2}{2.2 深度学习}{chapter.2}% 14
\BOOKMARK [1][-]{section.2.3}{2.3 本章小结}{chapter.2}% 15
\BOOKMARK [0][-]{chapter.3}{3 分析}{}% 16
\BOOKMARK [1][-]{section.3.1}{3.1 需求}{chapter.3}% 17
\BOOKMARK [1][-]{section.3.2}{3.2 其他需求}{chapter.3}% 18
\BOOKMARK [1][-]{section.3.3}{3.3\040xxx}{chapter.3}% 19
\BOOKMARK [1][-]{section.3.4}{3.4 本章小结}{chapter.3}% 20
\BOOKMARK [0][-]{chapter.4}{4 系统设计与实现}{}% 21
\BOOKMARK [1][-]{section.4.1}{4.1 系统模型架构}{chapter.4}% 22
\BOOKMARK [2][-]{subsection.4.1.1}{4.1.1\040a}{section.4.1}% 23
\BOOKMARK [2][-]{subsection.4.1.2}{4.1.2\040b}{section.4.1}% 24
\BOOKMARK [2][-]{subsection.4.1.3}{4.1.3\040c}{section.4.1}% 25
\BOOKMARK [2][-]{subsection.4.1.4}{4.1.4\040d}{section.4.1}% 26
\BOOKMARK [1][-]{section.4.2}{4.2 本章小结}{chapter.4}% 27
\BOOKMARK [0][-]{chapter.5}{5 系统运行与测试}{}% 28
\BOOKMARK [1][-]{section.5.1}{5.1 系统功能测试}{chapter.5}% 29
\BOOKMARK [2][-]{subsection.5.1.1}{5.1.1\040a}{section.5.1}% 30
\BOOKMARK [2][-]{subsection.5.1.2}{5.1.2\040b}{section.5.1}% 31
\BOOKMARK [2][-]{subsection.5.1.3}{5.1.3\040c}{section.5.1}% 32
\BOOKMARK [2][-]{subsection.5.1.4}{5.1.4\040d}{section.5.1}% 33
\BOOKMARK [1][-]{section.5.2}{5.2 测试结果与分析}{chapter.5}% 34
\BOOKMARK [1][-]{section.5.3}{5.3 本章小结}{chapter.5}% 35
\BOOKMARK [0][-]{chapter.6}{6 总结与展望}{}% 36
\BOOKMARK [1][-]{section.6.1}{6.1 本文工作总结}{chapter.6}% 37
\BOOKMARK [1][-]{section.6.2}{6.2 未来工作}{chapter.6}% 38
\BOOKMARK [1][-]{section.6.3}{6.3 数学公式}{chapter.6}% 39
\BOOKMARK [2][-]{subsection.6.3.1}{6.3.1 简单的数学公式}{section.6.3}% 40
\BOOKMARK [2][-]{subsection.6.3.2}{6.3.2 带自动编号的公式}{section.6.3}% 41
\BOOKMARK [2][-]{subsection.6.3.3}{6.3.3 带等号对齐的公式}{section.6.3}% 42
\BOOKMARK [1][-]{section.6.4}{6.4 伪代码}{chapter.6}% 43
\BOOKMARK [1][-]{section.6.5}{6.5 插入图片}{chapter.6}% 44
\BOOKMARK [1][-]{section.6.6}{6.6 引用论文}{chapter.6}% 45
\BOOKMARK [0][-]{section*.9}{致谢}{}% 46
\BOOKMARK [0][-]{chapter*.11}{参考文献}{}% 47
